<?xml version="1.0" encoding="UTF-8"?>
<testsuite name="test" tests="1" skipped="0" failures="0" errors="0" timestamp="2022-04-03T10:50:04" hostname="LAPTOP-U8PJBHB2" time="0.018">
  <properties/>
  <testcase name="test1()" classname="test" time="0.018"/>
  <system-out><![CDATA[]]></system-out>
  <system-err><![CDATA[]]></system-err>
</testsuite>
